2022-10-31 14:32:30,793 [1] INFO  ExchangeSeviceConsoleApp.Helper.LogHelper LogMessage - Process Started : 31-10-2022 14:32:30
2022-10-31 14:32:30,847 [1] INFO  ExchangeSeviceConsoleApp.Helper.LogHelper LogMessage - Total Source Emails : 2
2022-10-31 14:32:30,849 [1] INFO  ExchangeSeviceConsoleApp.Helper.LogHelper LogMessage - Last Sync Date : 2022-10-31 14:13:44.214
2022-10-31 14:32:31,091 [1] INFO  ExchangeSeviceConsoleApp.Helper.LogHelper LogMessage - Reading mails from : testsptuser1@kalpataru.com
2022-10-31 14:32:32,551 [1] INFO  ExchangeSeviceConsoleApp.Helper.LogHelper LogMessage - Total Emails Found : 0
2022-10-31 14:32:32,557 [1] INFO  ExchangeSeviceConsoleApp.Helper.LogHelper LogMessage - **Completed Reading mails For :testsptuser1@kalpataru.com
2022-10-31 14:32:32,581 [1] INFO  ExchangeSeviceConsoleApp.Helper.LogHelper LogMessage - Total Source Emails : 2
2022-10-31 14:32:32,605 [1] INFO  ExchangeSeviceConsoleApp.Helper.LogHelper LogMessage - Last Sync Date : 2022-10-31 14:13:49.562
2022-10-31 14:32:32,630 [1] INFO  ExchangeSeviceConsoleApp.Helper.LogHelper LogMessage - Reading mails from : ram.prasad@kalpataru.com
2022-10-31 14:32:34,096 [1] INFO  ExchangeSeviceConsoleApp.Helper.LogHelper LogMessage - Total Emails Found : 2
2022-10-31 14:32:34,805 [1] INFO  ExchangeSeviceConsoleApp.Helper.LogHelper LogMessage - Date Time Received : 31-10-2022 14:31:06
2022-10-31 14:32:34,808 [1] INFO  ExchangeSeviceConsoleApp.Helper.LogHelper LogMessage - From Address : Yatin.Purohit@kalpataru.com
2022-10-31 14:32:34,821 [1] INFO  ExchangeSeviceConsoleApp.Helper.LogHelper LogMessage - ToRecipients : Ram.Prasad@kalpataru.com, 
2022-10-31 14:32:34,824 [1] INFO  ExchangeSeviceConsoleApp.Helper.LogHelper LogMessage - CcRecipients : 
2022-10-31 14:32:34,827 [1] INFO  ExchangeSeviceConsoleApp.Helper.LogHelper LogMessage - Subject : Evaluation Matrix
2022-10-31 14:32:34,830 [1] INFO  ExchangeSeviceConsoleApp.Helper.LogHelper LogMessage - Attachments : Yes
2022-10-31 14:32:34,840 [1] INFO  ExchangeSeviceConsoleApp.Helper.LogHelper LogMessage - Message Id: AQMkADg1NzUwNWM3LWYzNDEtNDEzMC1iOTRlLWRjNTc0ZDQ0ADkxMjkARgAAA4gp5kqHclJFtF+ukX2EZKoHABojZ50euRFCrqVR0U4NoFwAAAIBDAAAABojZ50euRFCrqVR0U4NoFwAAAITygAAAA==
2022-10-31 14:34:35,006 [1] INFO  ExchangeSeviceConsoleApp.Helper.LogHelper LogMessage - Date Time Received : 31-10-2022 14:30:57
2022-10-31 14:34:35,172 [1] INFO  ExchangeSeviceConsoleApp.Helper.LogHelper LogMessage - From Address : vijay9665126031@gmail.com
2022-10-31 14:34:35,173 [1] INFO  ExchangeSeviceConsoleApp.Helper.LogHelper LogMessage - ToRecipients : Ram.Prasad@kalpataru.com, 
2022-10-31 14:34:35,174 [1] INFO  ExchangeSeviceConsoleApp.Helper.LogHelper LogMessage - CcRecipients : 
2022-10-31 14:34:35,175 [1] INFO  ExchangeSeviceConsoleApp.Helper.LogHelper LogMessage - Subject : Trst Power point doc
2022-10-31 14:34:35,176 [1] INFO  ExchangeSeviceConsoleApp.Helper.LogHelper LogMessage - Attachments : Yes
2022-10-31 14:34:35,178 [1] INFO  ExchangeSeviceConsoleApp.Helper.LogHelper LogMessage - Message Id: AQMkADg1NzUwNWM3LWYzNDEtNDEzMC1iOTRlLWRjNTc0ZDQ0ADkxMjkARgAAA4gp5kqHclJFtF+ukX2EZKoHABojZ50euRFCrqVR0U4NoFwAAAIBDAAAABojZ50euRFCrqVR0U4NoFwAAAITyQAAAA==
2022-10-31 14:34:41,358 [1] INFO  ExchangeSeviceConsoleApp.Helper.LogHelper LogMessage - **Completed Reading mails For :ram.prasad@kalpataru.com
